<?xml version="1.0" encoding="UTF-8"?>
<testsuite name="com.amine.calculator.CalculatorApplicationTests" tests="1" skipped="0" failures="0" errors="0" timestamp="2023-12-08T09:21:30" hostname="advm" time="1.353">
  <properties/>
  <testcase name="contextLoads()" classname="com.amine.calculator.CalculatorApplicationTests" time="1.353"/>
  <system-out><![CDATA[04:21:26.744 [Test worker] INFO org.springframework.test.context.support.AnnotationConfigContextLoaderUtils -- Could not detect default configuration classes for test class [com.amine.calculator.CalculatorApplicationTests]: CalculatorApplicationTests does not declare any static, non-private, non-final, nested classes annotated with @Configuration.
04:21:26.997 [Test worker] INFO org.springframework.boot.test.context.SpringBootTestContextBootstrapper -- Found @SpringBootConfiguration com.amine.calculator.CalculatorApplication for test class com.amine.calculator.CalculatorApplicationTests

  .   ____          _            __ _ _
 /\\ / ___'_ __ _ _(_)_ __  __ _ \ \ \ \
( ( )\___ | '_ | '_| | '_ \/ _` | \ \ \ \
 \\/  ___)| |_)| | | | | || (_| |  ) ) ) )
  '  |____| .__|_| |_|_| |_\__, | / / / /
 =========|_|==============|___/=/_/_/_/
 :: Spring Boot ::                (v3.2.0)

2023-12-08T04:21:28.084-05:00  INFO 18146 --- [    Test worker] c.a.c.CalculatorApplicationTests         : Starting CalculatorApplicationTests using Java 17.0.9 with PID 18146 (started by adam in /home/adam/devops/acceptance)
2023-12-08T04:21:28.087-05:00  INFO 18146 --- [    Test worker] c.a.c.CalculatorApplicationTests         : No active profile set, falling back to 1 default profile: "default"
2023-12-08T04:21:30.575-05:00  INFO 18146 --- [    Test worker] c.a.c.CalculatorApplicationTests         : Started CalculatorApplicationTests in 3.227 seconds (process running for 5.86)
]]></system-out>
  <system-err><![CDATA[]]></system-err>
</testsuite>
